<?xml version="1.0" encoding="UTF-8"?>
<!-- Generated by org.testng.reporters.JUnitReportReporter -->
<testsuite hostname="DESKTOP-NJE8PCK" failures="0" tests="1" name="com.example.testng.Delete" time="7.939" errors="0" timestamp="2022-10-13T21:31:59 IST" skipped="0">
  <testcase classname="com.example.testng.Delete" name="delete" time="7.939"/>
  <system-out/>
</testsuite> <!-- com.example.testng.Delete -->
