<?xml version="1.0" encoding="UTF-8"?>
<!-- Generated by org.testng.reporters.JUnitReportReporter -->
<testsuite hostname="DESKTOP-NJE8PCK" failures="0" tests="1" name="com.example.testng.Registration" time="16.455" errors="0" timestamp="2022-10-13T21:25:00 IST" skipped="0">
  <testcase classname="com.example.testng.Registration" name="registration" time="16.455"/>
  <system-out/>
</testsuite> <!-- com.example.testng.Registration -->
